Build started 2012-02-02 20:31:39.
     1>Project "A:\Projekt Statki c++\STATKI_KOD\statki_alpha\statki_alpha.vcxproj" on node 2 (build target(s)).
     1>InitializeBuildStatus:
         Creating "Release\statki_beta.unsuccessfulbuild" because "AlwaysCreate" was specified.
       ClCompile:
         C:\Program Files (x86)\Microsoft Visual Studio 10.0\VC\bin\CL.exe /c /I"allegro\allegro-5.0.4-msvc-10.0\include" /Zi /nologo /W3 /WX- /O2 /Oi /Oy- /GL /D _MBCS /Gm- /EHsc /MTd /GS /Gy /fp:precise /Zc:wchar_t /Zc:forScope /Fo"Release\\" /Fd"Release\vc100.pdb" /Gd /TP /analyze- /errorReport:prompt Gra.cpp
         Gra.cpp
       Link:
         C:\Program Files (x86)\Microsoft Visual Studio 10.0\VC\bin\link.exe /ERRORREPORT:PROMPT /OUT:"A:\Projekt Statki c++\STATKI_KOD\Release\statki_beta.exe" /NOLOGO /LIBPATH:"allegro\allegro-5.0.4-msvc-10.0\lib" kernel32.lib user32.lib gdi32.lib winspool.lib comdlg32.lib advapi32.lib shell32.lib ole32.lib oleaut32.lib uuid.lib odbc32.lib odbccp32.lib /MANIFEST /ManifestFile:"Release\statki_beta.exe.intermediate.manifest" /MANIFESTUAC:"level='asInvoker' uiAccess='false'" /DEBUG /PDB:"A:\Projekt Statki c++\STATKI_KOD\Release\statki_beta.pdb" /SUBSYSTEM:WINDOWS /OPT:REF /OPT:ICF /LTCG /TLBID:1 /DYNAMICBASE /NXCOMPAT /IMPLIB:"A:\Projekt Statki c++\STATKI_KOD\Release\statki_beta.lib" /MACHINE:X86 Release\Ekran.obj
         Release\Gra.obj
         Release\Gracz.obj
         Release\GUI.obj
         Release\Lista.obj
         Release\main.obj
         Generating code
         Finished generating code
         statki_alpha.vcxproj -> A:\Projekt Statki c++\STATKI_KOD\Release\statki_beta.exe
       Manifest:
         C:\Program Files (x86)\Microsoft SDKs\Windows\v7.0A\bin\mt.exe /nologo /verbose /outputresource:"A:\Projekt Statki c++\STATKI_KOD\Release\statki_beta.exe;#1" /manifest Release\statki_beta.exe.intermediate.manifest
       FinalizeBuildStatus:
         Deleting file "Release\statki_beta.unsuccessfulbuild".
         Touching "Release\statki_beta.lastbuildstate".
     1>Done Building Project "A:\Projekt Statki c++\STATKI_KOD\statki_alpha\statki_alpha.vcxproj" (build target(s)).

Build succeeded.

Time Elapsed 00:00:01.22
